<?xml version="1.0" encoding="UTF-8"?>
<testsuite name="com.jojoldu.book.springboot.web.IndexControllerTest" tests="1" skipped="0" failures="0" errors="0" timestamp="2023-01-19T14:37:48" hostname="JUNHYUNGui-MacBookPro.local" time="0.198">
  <properties/>
  <testcase name="메인페이지_로딩" classname="com.jojoldu.book.springboot.web.IndexControllerTest" time="0.198"/>
  <system-out><![CDATA[2023-01-19 23:37:46.223  INFO 33868 --- [    Test worker] .b.t.c.SpringBootTestContextBootstrapper : Neither @ContextConfiguration nor @ContextHierarchy found for test class [com.jojoldu.book.springboot.web.IndexControllerTest], using SpringBootContextLoader
2023-01-19 23:37:46.224  INFO 33868 --- [    Test worker] o.s.t.c.support.AbstractContextLoader    : Could not detect default resource locations for test class [com.jojoldu.book.springboot.web.IndexControllerTest]: no resource found for suffixes {-context.xml, Context.groovy}.
2023-01-19 23:37:46.224  INFO 33868 --- [    Test worker] t.c.s.AnnotationConfigContextLoaderUtils : Could not detect default configuration classes for test class [com.jojoldu.book.springboot.web.IndexControllerTest]: IndexControllerTest does not declare any static, non-private, non-final, nested classes annotated with @Configuration.
2023-01-19 23:37:46.226  INFO 33868 --- [    Test worker] .b.t.c.SpringBootTestContextBootstrapper : Found @SpringBootConfiguration com.jojoldu.book.springboot.Application for test class com.jojoldu.book.springboot.web.IndexControllerTest
2023-01-19 23:37:46.227  INFO 33868 --- [    Test worker] .b.t.c.SpringBootTestContextBootstrapper : Loaded default TestExecutionListener class names from location [META-INF/spring.factories]: [org.springframework.security.test.context.support.WithSecurityContextTestExecutionListener, org.springframework.security.test.context.support.ReactorContextTestExecutionListener, org.springframework.boot.test.autoconfigure.restdocs.RestDocsTestExecutionListener, org.springframework.boot.test.autoconfigure.web.client.MockRestServiceServerResetTestExecutionListener, org.springframework.boot.test.autoconfigure.web.servlet.MockMvcPrintOnlyOnFailureTestExecutionListener, org.springframework.boot.test.autoconfigure.web.servlet.WebDriverTestExecutionListener, org.springframework.boot.test.mock.mockito.MockitoTestExecutionListener, org.springframework.boot.test.mock.mockito.ResetMocksTestExecutionListener, org.springframework.test.context.web.ServletTestExecutionListener, org.springframework.test.context.support.DirtiesContextBeforeModesTestExecutionListener, org.springframework.test.context.support.DependencyInjectionTestExecutionListener, org.springframework.test.context.support.DirtiesContextTestExecutionListener, org.springframework.test.context.transaction.TransactionalTestExecutionListener, org.springframework.test.context.jdbc.SqlScriptsTestExecutionListener]
2023-01-19 23:37:46.228  INFO 33868 --- [    Test worker] .b.t.c.SpringBootTestContextBootstrapper : Using TestExecutionListeners: [org.springframework.test.context.web.ServletTestExecutionListener@342e4381, org.springframework.test.context.support.DirtiesContextBeforeModesTestExecutionListener@188cbdaa, org.springframework.boot.test.mock.mockito.MockitoTestExecutionListener@3d915afb, org.springframework.boot.test.autoconfigure.SpringBootDependencyInjectionTestExecutionListener@4f86aa6, org.springframework.test.context.support.DirtiesContextTestExecutionListener@428c03f3, org.springframework.test.context.transaction.TransactionalTestExecutionListener@3f1097e5, org.springframework.test.context.jdbc.SqlScriptsTestExecutionListener@861547e, org.springframework.security.test.context.support.WithSecurityContextTestExecutionListener@4f8ba28e, org.springframework.security.test.context.support.ReactorContextTestExecutionListener@6dbaa317, org.springframework.boot.test.autoconfigure.restdocs.RestDocsTestExecutionListener@56aeaefa, org.springframework.boot.test.autoconfigure.web.client.MockRestServiceServerResetTestExecutionListener@546ec2f5, org.springframework.boot.test.autoconfigure.web.servlet.MockMvcPrintOnlyOnFailureTestExecutionListener@46e38524, org.springframework.boot.test.autoconfigure.web.servlet.WebDriverTestExecutionListener@7e7934f4, org.springframework.boot.test.mock.mockito.ResetMocksTestExecutionListener@5d839cbf]

  .   ____          _            __ _ _
 /\\ / ___'_ __ _ _(_)_ __  __ _ \ \ \ \
( ( )\___ | '_ | '_| | '_ \/ _` | \ \ \ \
 \\/  ___)| |_)| | | | | || (_| |  ) ) ) )
  '  |____| .__|_| |_|_| |_\__, | / / / /
 =========|_|==============|___/=/_/_/_/
 :: Spring Boot ::        (v2.1.9.RELEASE)

2023-01-19 23:37:46.253  INFO 33868 --- [    Test worker] c.j.b.s.web.IndexControllerTest          : Starting IndexControllerTest on JUNHYUNGui-MacBookPro.local with PID 33868 (started by junhyungcho in /Users/junhyungcho/Desktop/coding/freelec-springboot2-webservice)
2023-01-19 23:37:46.253  INFO 33868 --- [    Test worker] c.j.b.s.web.IndexControllerTest          : No active profile set, falling back to default profiles: default
2023-01-19 23:37:46.419  INFO 33868 --- [    Test worker] .s.d.r.c.RepositoryConfigurationDelegate : Bootstrapping Spring Data repositories in DEFAULT mode.
2023-01-19 23:37:46.434  INFO 33868 --- [    Test worker] .s.d.r.c.RepositoryConfigurationDelegate : Finished Spring Data repository scanning in 14ms. Found 2 repository interfaces.
2023-01-19 23:37:46.524  INFO 33868 --- [    Test worker] trationDelegate$BeanPostProcessorChecker : Bean 'org.springframework.transaction.annotation.ProxyTransactionManagementConfiguration' of type [org.springframework.transaction.annotation.ProxyTransactionManagementConfiguration$$EnhancerBySpringCGLIB$$aa7acb62] is not eligible for getting processed by all BeanPostProcessors (for example: not eligible for auto-proxying)
2023-01-19 23:37:46.767  INFO 33868 --- [    Test worker] o.s.b.w.embedded.tomcat.TomcatWebServer  : Tomcat initialized with port(s): 0 (http)
2023-01-19 23:37:46.806  INFO 33868 --- [    Test worker] o.apache.catalina.core.StandardService   : Starting service [Tomcat]
2023-01-19 23:37:46.807  INFO 33868 --- [    Test worker] org.apache.catalina.core.StandardEngine  : Starting Servlet engine: [Apache Tomcat/9.0.26]
2023-01-19 23:37:46.980  INFO 33868 --- [    Test worker] o.a.c.c.C.[Tomcat].[localhost].[/]       : Initializing Spring embedded WebApplicationContext
2023-01-19 23:37:46.980  INFO 33868 --- [    Test worker] o.s.web.context.ContextLoader            : Root WebApplicationContext: initialization completed in 726 ms
2023-01-19 23:37:47.193  INFO 33868 --- [    Test worker] com.zaxxer.hikari.HikariDataSource       : HikariPool-2 - Starting...
2023-01-19 23:37:47.195  INFO 33868 --- [    Test worker] com.zaxxer.hikari.HikariDataSource       : HikariPool-2 - Start completed.
2023-01-19 23:37:47.228  INFO 33868 --- [    Test worker] o.hibernate.jpa.internal.util.LogHelper  : HHH000204: Processing PersistenceUnitInfo [
	name: default
	...]
2023-01-19 23:37:47.235  INFO 33868 --- [    Test worker] org.hibernate.dialect.Dialect            : HHH000400: Using dialect: org.hibernate.dialect.MySQL5InnoDBDialect
Hibernate: drop table if exists posts
Hibernate: drop table if exists user
Hibernate: create table posts (id bigint not null auto_increment, created_date datetime, modified_date datetime, author varchar(255), content TEXT not null, title varchar(500) not null, primary key (id)) engine=InnoDB
Hibernate: create table user (id bigint not null auto_increment, created_date datetime, modified_date datetime, email varchar(255) not null, name varchar(255) not null, picture varchar(255), role varchar(255) not null, primary key (id)) engine=InnoDB
2023-01-19 23:37:47.297  INFO 33868 --- [    Test worker] o.h.t.schema.internal.SchemaCreatorImpl  : HHH000476: Executing import script 'org.hibernate.tool.schema.internal.exec.ScriptSourceInputNonExistentImpl@498e4ad3'
2023-01-19 23:37:47.297  INFO 33868 --- [    Test worker] j.LocalContainerEntityManagerFactoryBean : Initialized JPA EntityManagerFactory for persistence unit 'default'
2023-01-19 23:37:47.594  INFO 33868 --- [    Test worker] o.h.h.i.QueryTranslatorFactoryInitiator  : HHH000397: Using ASTQueryTranslatorFactory
2023-01-19 23:37:47.727  INFO 33868 --- [    Test worker] o.s.s.web.DefaultSecurityFilterChain     : Creating filter chain: any request, [org.springframework.security.web.context.request.async.WebAsyncManagerIntegrationFilter@509f7abf, org.springframework.security.web.context.SecurityContextPersistenceFilter@617b273c, org.springframework.security.web.header.HeaderWriterFilter@141ae03a, org.springframework.security.web.authentication.logout.LogoutFilter@4c318d3f, org.springframework.security.oauth2.client.web.OAuth2AuthorizationRequestRedirectFilter@21409588, org.springframework.security.oauth2.client.web.OAuth2LoginAuthenticationFilter@c23a287, org.springframework.security.web.authentication.ui.DefaultLoginPageGeneratingFilter@74cb165d, org.springframework.security.web.authentication.ui.DefaultLogoutPageGeneratingFilter@5567d638, org.springframework.security.web.savedrequest.RequestCacheAwareFilter@5cfd37c, org.springframework.security.web.servletapi.SecurityContextHolderAwareRequestFilter@4697f8cf, org.springframework.security.web.authentication.AnonymousAuthenticationFilter@702ef5c9, org.springframework.security.web.session.SessionManagementFilter@50ac4848, org.springframework.security.web.access.ExceptionTranslationFilter@74521047, org.springframework.security.web.access.intercept.FilterSecurityInterceptor@3867a34f]
2023-01-19 23:37:47.891  INFO 33868 --- [    Test worker] o.s.s.concurrent.ThreadPoolTaskExecutor  : Initializing ExecutorService 'applicationTaskExecutor'
2023-01-19 23:37:47.902  WARN 33868 --- [    Test worker] aWebConfiguration$JpaWebMvcConfiguration : spring.jpa.open-in-view is enabled by default. Therefore, database queries may be performed during view rendering. Explicitly configure spring.jpa.open-in-view to disable this warning
2023-01-19 23:37:47.926  INFO 33868 --- [    Test worker] o.s.b.a.w.s.WelcomePageHandlerMapping    : Adding welcome page template: index
2023-01-19 23:37:48.171  INFO 33868 --- [    Test worker] s.a.ScheduledAnnotationBeanPostProcessor : No TaskScheduler/ScheduledExecutorService bean found for scheduled processing
2023-01-19 23:37:48.193  INFO 33868 --- [    Test worker] o.s.b.w.embedded.tomcat.TomcatWebServer  : Tomcat started on port(s): 49865 (http) with context path ''
2023-01-19 23:37:48.194  INFO 33868 --- [    Test worker] c.j.b.s.web.IndexControllerTest          : Started IndexControllerTest in 1.965 seconds (JVM running for 10.067)
2023-01-19 23:37:48.295  INFO 33868 --- [o-auto-1-exec-1] o.a.c.c.C.[Tomcat].[localhost].[/]       : Initializing Spring DispatcherServlet 'dispatcherServlet'
2023-01-19 23:37:48.295  INFO 33868 --- [o-auto-1-exec-1] o.s.web.servlet.DispatcherServlet        : Initializing Servlet 'dispatcherServlet'
2023-01-19 23:37:48.318  INFO 33868 --- [o-auto-1-exec-1] o.s.web.servlet.DispatcherServlet        : Completed initialization in 23 ms
Hibernate: select posts0_.id as id1_0_, posts0_.created_date as created_2_0_, posts0_.modified_date as modified3_0_, posts0_.author as author4_0_, posts0_.content as content5_0_, posts0_.title as title6_0_ from posts posts0_ order by posts0_.id DESC
]]></system-out>
  <system-err><![CDATA[]]></system-err>
</testsuite>
