<?xml version="1.0" encoding="UTF-8"?>
<testsuite name="com.jojoldu.book.springboot.web.HelloControllerTest" tests="2" skipped="0" failures="0" errors="0" timestamp="2023-01-19T14:37:46" hostname="JUNHYUNGui-MacBookPro.local" time="0.162">
  <properties/>
  <testcase name="hello가_리턴된다" classname="com.jojoldu.book.springboot.web.HelloControllerTest" time="0.073"/>
  <testcase name="helloDto가_리턴된다" classname="com.jojoldu.book.springboot.web.HelloControllerTest" time="0.089"/>
  <system-out><![CDATA[2023-01-19 23:37:45.252  INFO 33868 --- [    Test worker] .b.t.a.w.s.WebMvcTestContextBootstrapper : Neither @ContextConfiguration nor @ContextHierarchy found for test class [com.jojoldu.book.springboot.web.HelloControllerTest], using SpringBootContextLoader
2023-01-19 23:37:45.253  INFO 33868 --- [    Test worker] o.s.t.c.support.AbstractContextLoader    : Could not detect default resource locations for test class [com.jojoldu.book.springboot.web.HelloControllerTest]: no resource found for suffixes {-context.xml, Context.groovy}.
2023-01-19 23:37:45.253  INFO 33868 --- [    Test worker] t.c.s.AnnotationConfigContextLoaderUtils : Could not detect default configuration classes for test class [com.jojoldu.book.springboot.web.HelloControllerTest]: HelloControllerTest does not declare any static, non-private, non-final, nested classes annotated with @Configuration.
2023-01-19 23:37:45.277  INFO 33868 --- [    Test worker] .b.t.c.SpringBootTestContextBootstrapper : Found @SpringBootConfiguration com.jojoldu.book.springboot.Application for test class com.jojoldu.book.springboot.web.HelloControllerTest
2023-01-19 23:37:45.277  INFO 33868 --- [    Test worker] .b.t.a.w.s.WebMvcTestContextBootstrapper : Loaded default TestExecutionListener class names from location [META-INF/spring.factories]: [org.springframework.security.test.context.support.WithSecurityContextTestExecutionListener, org.springframework.security.test.context.support.ReactorContextTestExecutionListener, org.springframework.boot.test.autoconfigure.restdocs.RestDocsTestExecutionListener, org.springframework.boot.test.autoconfigure.web.client.MockRestServiceServerResetTestExecutionListener, org.springframework.boot.test.autoconfigure.web.servlet.MockMvcPrintOnlyOnFailureTestExecutionListener, org.springframework.boot.test.autoconfigure.web.servlet.WebDriverTestExecutionListener, org.springframework.boot.test.mock.mockito.MockitoTestExecutionListener, org.springframework.boot.test.mock.mockito.ResetMocksTestExecutionListener, org.springframework.test.context.web.ServletTestExecutionListener, org.springframework.test.context.support.DirtiesContextBeforeModesTestExecutionListener, org.springframework.test.context.support.DependencyInjectionTestExecutionListener, org.springframework.test.context.support.DirtiesContextTestExecutionListener, org.springframework.test.context.transaction.TransactionalTestExecutionListener, org.springframework.test.context.jdbc.SqlScriptsTestExecutionListener]
2023-01-19 23:37:45.278  INFO 33868 --- [    Test worker] .b.t.a.w.s.WebMvcTestContextBootstrapper : Using TestExecutionListeners: [org.springframework.test.context.web.ServletTestExecutionListener@36aeaa1a, org.springframework.test.context.support.DirtiesContextBeforeModesTestExecutionListener@58668a4e, org.springframework.boot.test.mock.mockito.MockitoTestExecutionListener@722d8b93, org.springframework.boot.test.autoconfigure.SpringBootDependencyInjectionTestExecutionListener@3ddf751d, org.springframework.test.context.support.DirtiesContextTestExecutionListener@7e62e6c6, org.springframework.test.context.transaction.TransactionalTestExecutionListener@123a37be, org.springframework.test.context.jdbc.SqlScriptsTestExecutionListener@cd54779, org.springframework.security.test.context.support.WithSecurityContextTestExecutionListener@4ae4ac63, org.springframework.security.test.context.support.ReactorContextTestExecutionListener@2359272f, org.springframework.boot.test.autoconfigure.restdocs.RestDocsTestExecutionListener@609d733d, org.springframework.boot.test.autoconfigure.web.client.MockRestServiceServerResetTestExecutionListener@46d50ed8, org.springframework.boot.test.autoconfigure.web.servlet.MockMvcPrintOnlyOnFailureTestExecutionListener@293d35d5, org.springframework.boot.test.autoconfigure.web.servlet.WebDriverTestExecutionListener@43370f82, org.springframework.boot.test.mock.mockito.ResetMocksTestExecutionListener@48389842]

  .   ____          _            __ _ _
 /\\ / ___'_ __ _ _(_)_ __  __ _ \ \ \ \
( ( )\___ | '_ | '_| | '_ \/ _` | \ \ \ \
 \\/  ___)| |_)| | | | | || (_| |  ) ) ) )
  '  |____| .__|_| |_|_| |_\__, | / / / /
 =========|_|==============|___/=/_/_/_/
 :: Spring Boot ::        (v2.1.9.RELEASE)

2023-01-19 23:37:45.301  INFO 33868 --- [    Test worker] c.j.b.s.web.HelloControllerTest          : Starting HelloControllerTest on JUNHYUNGui-MacBookPro.local with PID 33868 (started by junhyungcho in /Users/junhyungcho/Desktop/coding/freelec-springboot2-webservice)
2023-01-19 23:37:45.302  INFO 33868 --- [    Test worker] c.j.b.s.web.HelloControllerTest          : No active profile set, falling back to default profiles: default
2023-01-19 23:37:45.661  INFO 33868 --- [    Test worker] o.s.s.concurrent.ThreadPoolTaskExecutor  : Initializing ExecutorService 'applicationTaskExecutor'
2023-01-19 23:37:45.686  INFO 33868 --- [    Test worker] o.s.b.a.w.s.WelcomePageHandlerMapping    : Adding welcome page template: index
2023-01-19 23:37:45.866  INFO 33868 --- [    Test worker] .s.s.UserDetailsServiceAutoConfiguration : 

Using generated security password: d868380e-d110-4341-ad0a-bbd86cc63d19

2023-01-19 23:37:45.978  INFO 33868 --- [    Test worker] o.s.s.web.DefaultSecurityFilterChain     : Creating filter chain: any request, [org.springframework.security.web.context.request.async.WebAsyncManagerIntegrationFilter@3a967e07, org.springframework.security.web.context.SecurityContextPersistenceFilter@11dadd24, org.springframework.security.web.header.HeaderWriterFilter@631e1bb0, org.springframework.security.web.csrf.CsrfFilter@62533e87, org.springframework.security.web.authentication.logout.LogoutFilter@64797045, org.springframework.security.web.authentication.UsernamePasswordAuthenticationFilter@7f23b88d, org.springframework.security.web.authentication.ui.DefaultLoginPageGeneratingFilter@32a111ea, org.springframework.security.web.authentication.ui.DefaultLogoutPageGeneratingFilter@fc87544, org.springframework.security.web.authentication.www.BasicAuthenticationFilter@555566d1, org.springframework.security.web.savedrequest.RequestCacheAwareFilter@2c0c0ddf, org.springframework.security.web.servletapi.SecurityContextHolderAwareRequestFilter@3fdc4075, org.springframework.security.web.authentication.AnonymousAuthenticationFilter@7155e982, org.springframework.security.web.session.SessionManagementFilter@1842a652, org.springframework.security.web.access.ExceptionTranslationFilter@3ee07179, org.springframework.security.web.access.intercept.FilterSecurityInterceptor@49e35cdb]
2023-01-19 23:37:46.011  INFO 33868 --- [    Test worker] o.s.b.t.m.w.SpringBootMockServletContext : Initializing Spring TestDispatcherServlet ''
2023-01-19 23:37:46.012  INFO 33868 --- [    Test worker] o.s.t.web.servlet.TestDispatcherServlet  : Initializing Servlet ''
2023-01-19 23:37:46.025  INFO 33868 --- [    Test worker] o.s.t.web.servlet.TestDispatcherServlet  : Completed initialization in 13 ms
2023-01-19 23:37:46.052  INFO 33868 --- [    Test worker] c.j.b.s.web.HelloControllerTest          : Started HelloControllerTest in 0.772 seconds (JVM running for 7.926)
]]></system-out>
  <system-err><![CDATA[]]></system-err>
</testsuite>
