<?xml version="1.0" encoding="UTF-8"?>
<testsuite name="com.jojoldu.book.springboot.web.IndexControllerTest" tests="1" skipped="0" failures="0" errors="0" timestamp="2023-01-15T05:31:32" hostname="JUNHYUNGui-MacBookPro.local" time="0.311">
  <properties/>
  <testcase name="메인페이지_로딩" classname="com.jojoldu.book.springboot.web.IndexControllerTest" time="0.311"/>
  <system-out><![CDATA[14:31:26.687 [Test worker] DEBUG org.springframework.test.context.junit4.SpringJUnit4ClassRunner - SpringJUnit4ClassRunner constructor called with [class com.jojoldu.book.springboot.web.IndexControllerTest]
14:31:26.697 [Test worker] DEBUG org.springframework.test.context.BootstrapUtils - Instantiating CacheAwareContextLoaderDelegate from class [org.springframework.test.context.cache.DefaultCacheAwareContextLoaderDelegate]
14:31:26.707 [Test worker] DEBUG org.springframework.test.context.BootstrapUtils - Instantiating BootstrapContext using constructor [public org.springframework.test.context.support.DefaultBootstrapContext(java.lang.Class,org.springframework.test.context.CacheAwareContextLoaderDelegate)]
14:31:26.728 [Test worker] DEBUG org.springframework.test.context.BootstrapUtils - Instantiating TestContextBootstrapper for test class [com.jojoldu.book.springboot.web.IndexControllerTest] from class [org.springframework.boot.test.context.SpringBootTestContextBootstrapper]
14:31:26.742 [Test worker] INFO org.springframework.boot.test.context.SpringBootTestContextBootstrapper - Neither @ContextConfiguration nor @ContextHierarchy found for test class [com.jojoldu.book.springboot.web.IndexControllerTest], using SpringBootContextLoader
14:31:26.745 [Test worker] DEBUG org.springframework.test.context.support.AbstractContextLoader - Did not detect default resource location for test class [com.jojoldu.book.springboot.web.IndexControllerTest]: class path resource [com/jojoldu/book/springboot/web/IndexControllerTest-context.xml] does not exist
14:31:26.745 [Test worker] DEBUG org.springframework.test.context.support.AbstractContextLoader - Did not detect default resource location for test class [com.jojoldu.book.springboot.web.IndexControllerTest]: class path resource [com/jojoldu/book/springboot/web/IndexControllerTestContext.groovy] does not exist
14:31:26.745 [Test worker] INFO org.springframework.test.context.support.AbstractContextLoader - Could not detect default resource locations for test class [com.jojoldu.book.springboot.web.IndexControllerTest]: no resource found for suffixes {-context.xml, Context.groovy}.
14:31:26.748 [Test worker] INFO org.springframework.test.context.support.AnnotationConfigContextLoaderUtils - Could not detect default configuration classes for test class [com.jojoldu.book.springboot.web.IndexControllerTest]: IndexControllerTest does not declare any static, non-private, non-final, nested classes annotated with @Configuration.
14:31:26.814 [Test worker] DEBUG org.springframework.test.context.support.ActiveProfilesUtils - Could not find an 'annotation declaring class' for annotation type [org.springframework.test.context.ActiveProfiles] and class [com.jojoldu.book.springboot.web.IndexControllerTest]
14:31:26.931 [Test worker] DEBUG org.springframework.context.annotation.ClassPathScanningCandidateComponentProvider - Identified candidate component class: file [/Users/junhyungcho/Desktop/coding/freelec-springboot2-webservice/build/classes/java/main/com/jojoldu/book/springboot/Application.class]
14:31:26.932 [Test worker] INFO org.springframework.boot.test.context.SpringBootTestContextBootstrapper - Found @SpringBootConfiguration com.jojoldu.book.springboot.Application for test class com.jojoldu.book.springboot.web.IndexControllerTest
14:31:27.035 [Test worker] DEBUG org.springframework.boot.test.context.SpringBootTestContextBootstrapper - @TestExecutionListeners is not present for class [com.jojoldu.book.springboot.web.IndexControllerTest]: using defaults.
14:31:27.035 [Test worker] INFO org.springframework.boot.test.context.SpringBootTestContextBootstrapper - Loaded default TestExecutionListener class names from location [META-INF/spring.factories]: [org.springframework.boot.test.autoconfigure.restdocs.RestDocsTestExecutionListener, org.springframework.boot.test.autoconfigure.web.client.MockRestServiceServerResetTestExecutionListener, org.springframework.boot.test.autoconfigure.web.servlet.MockMvcPrintOnlyOnFailureTestExecutionListener, org.springframework.boot.test.autoconfigure.web.servlet.WebDriverTestExecutionListener, org.springframework.boot.test.mock.mockito.MockitoTestExecutionListener, org.springframework.boot.test.mock.mockito.ResetMocksTestExecutionListener, org.springframework.test.context.web.ServletTestExecutionListener, org.springframework.test.context.support.DirtiesContextBeforeModesTestExecutionListener, org.springframework.test.context.support.DependencyInjectionTestExecutionListener, org.springframework.test.context.support.DirtiesContextTestExecutionListener, org.springframework.test.context.transaction.TransactionalTestExecutionListener, org.springframework.test.context.jdbc.SqlScriptsTestExecutionListener]
14:31:27.058 [Test worker] INFO org.springframework.boot.test.context.SpringBootTestContextBootstrapper - Using TestExecutionListeners: [org.springframework.test.context.web.ServletTestExecutionListener@583f63c, org.springframework.test.context.support.DirtiesContextBeforeModesTestExecutionListener@3ce042dd, org.springframework.boot.test.mock.mockito.MockitoTestExecutionListener@4678ad49, org.springframework.boot.test.autoconfigure.SpringBootDependencyInjectionTestExecutionListener@207b9e32, org.springframework.test.context.support.DirtiesContextTestExecutionListener@3a53be17, org.springframework.test.context.transaction.TransactionalTestExecutionListener@49be52a, org.springframework.test.context.jdbc.SqlScriptsTestExecutionListener@70a1215, org.springframework.boot.test.autoconfigure.restdocs.RestDocsTestExecutionListener@7b7c86c8, org.springframework.boot.test.autoconfigure.web.client.MockRestServiceServerResetTestExecutionListener@5c782cb6, org.springframework.boot.test.autoconfigure.web.servlet.MockMvcPrintOnlyOnFailureTestExecutionListener@71130a6, org.springframework.boot.test.autoconfigure.web.servlet.WebDriverTestExecutionListener@505c10eb, org.springframework.boot.test.mock.mockito.ResetMocksTestExecutionListener@4f8986ee]
14:31:27.062 [Test worker] DEBUG org.springframework.test.annotation.ProfileValueUtils - Retrieved @ProfileValueSourceConfiguration [null] for test class [com.jojoldu.book.springboot.web.IndexControllerTest]
14:31:27.062 [Test worker] DEBUG org.springframework.test.annotation.ProfileValueUtils - Retrieved ProfileValueSource type [class org.springframework.test.annotation.SystemProfileValueSource] for class [com.jojoldu.book.springboot.web.IndexControllerTest]
14:31:27.064 [Test worker] DEBUG org.springframework.test.annotation.ProfileValueUtils - Retrieved @ProfileValueSourceConfiguration [null] for test class [com.jojoldu.book.springboot.web.IndexControllerTest]
14:31:27.064 [Test worker] DEBUG org.springframework.test.annotation.ProfileValueUtils - Retrieved ProfileValueSource type [class org.springframework.test.annotation.SystemProfileValueSource] for class [com.jojoldu.book.springboot.web.IndexControllerTest]
14:31:27.065 [Test worker] DEBUG org.springframework.test.annotation.ProfileValueUtils - Retrieved @ProfileValueSourceConfiguration [null] for test class [com.jojoldu.book.springboot.web.IndexControllerTest]
14:31:27.065 [Test worker] DEBUG org.springframework.test.annotation.ProfileValueUtils - Retrieved ProfileValueSource type [class org.springframework.test.annotation.SystemProfileValueSource] for class [com.jojoldu.book.springboot.web.IndexControllerTest]
14:31:27.069 [Test worker] DEBUG org.springframework.test.context.support.AbstractDirtiesContextTestExecutionListener - Before test class: context [DefaultTestContext@44262b7b testClass = IndexControllerTest, testInstance = [null], testMethod = [null], testException = [null], mergedContextConfiguration = [WebMergedContextConfiguration@5cfd40e6 testClass = IndexControllerTest, locations = '{}', classes = '{class com.jojoldu.book.springboot.Application}', contextInitializerClasses = '[]', activeProfiles = '{}', propertySourceLocations = '{}', propertySourceProperties = '{org.springframework.boot.test.context.SpringBootTestContextBootstrapper=true, server.port=0}', contextCustomizers = set[org.springframework.boot.test.autoconfigure.properties.PropertyMappingContextCustomizer@0, org.springframework.boot.test.autoconfigure.web.servlet.WebDriverContextCustomizerFactory$Customizer@1e22590a, org.springframework.boot.test.context.filter.ExcludeFilterContextCustomizer@4b05b3e3, org.springframework.boot.test.json.DuplicateJsonObjectContextCustomizerFactory$DuplicateJsonObjectContextCustomizer@15485b9f, org.springframework.boot.test.mock.mockito.MockitoContextCustomizer@0, org.springframework.boot.test.web.client.TestRestTemplateContextCustomizer@7b309d27], resourceBasePath = 'src/main/webapp', contextLoader = 'org.springframework.boot.test.context.SpringBootContextLoader', parent = [null]], attributes = map['org.springframework.test.context.web.ServletTestExecutionListener.activateListener' -> false]], class annotated with @DirtiesContext [false] with mode [null].
14:31:27.069 [Test worker] DEBUG org.springframework.test.annotation.ProfileValueUtils - Retrieved @ProfileValueSourceConfiguration [null] for test class [com.jojoldu.book.springboot.web.IndexControllerTest]
14:31:27.069 [Test worker] DEBUG org.springframework.test.annotation.ProfileValueUtils - Retrieved ProfileValueSource type [class org.springframework.test.annotation.SystemProfileValueSource] for class [com.jojoldu.book.springboot.web.IndexControllerTest]
14:31:27.076 [Test worker] DEBUG org.springframework.test.context.support.DependencyInjectionTestExecutionListener - Performing dependency injection for test context [[DefaultTestContext@44262b7b testClass = IndexControllerTest, testInstance = com.jojoldu.book.springboot.web.IndexControllerTest@372ebcbe, testMethod = [null], testException = [null], mergedContextConfiguration = [WebMergedContextConfiguration@5cfd40e6 testClass = IndexControllerTest, locations = '{}', classes = '{class com.jojoldu.book.springboot.Application}', contextInitializerClasses = '[]', activeProfiles = '{}', propertySourceLocations = '{}', propertySourceProperties = '{org.springframework.boot.test.context.SpringBootTestContextBootstrapper=true, server.port=0}', contextCustomizers = set[org.springframework.boot.test.autoconfigure.properties.PropertyMappingContextCustomizer@0, org.springframework.boot.test.autoconfigure.web.servlet.WebDriverContextCustomizerFactory$Customizer@1e22590a, org.springframework.boot.test.context.filter.ExcludeFilterContextCustomizer@4b05b3e3, org.springframework.boot.test.json.DuplicateJsonObjectContextCustomizerFactory$DuplicateJsonObjectContextCustomizer@15485b9f, org.springframework.boot.test.mock.mockito.MockitoContextCustomizer@0, org.springframework.boot.test.web.client.TestRestTemplateContextCustomizer@7b309d27], resourceBasePath = 'src/main/webapp', contextLoader = 'org.springframework.boot.test.context.SpringBootContextLoader', parent = [null]], attributes = map['org.springframework.test.context.web.ServletTestExecutionListener.activateListener' -> false]]].
14:31:27.105 [Test worker] DEBUG org.springframework.test.context.support.TestPropertySourceUtils - Adding inlined properties to environment: {spring.jmx.enabled=false, org.springframework.boot.test.context.SpringBootTestContextBootstrapper=true, server.port=0}

  .   ____          _            __ _ _
 /\\ / ___'_ __ _ _(_)_ __  __ _ \ \ \ \
( ( )\___ | '_ | '_| | '_ \/ _` | \ \ \ \
 \\/  ___)| |_)| | | | | || (_| |  ) ) ) )
  '  |____| .__|_| |_|_| |_\__, | / / / /
 =========|_|==============|___/=/_/_/_/
?[32m :: Spring Boot :: ?[39m      ?[2m (v2.1.7.RELEASE)?[0;39m

?[2m2023-01-15 14:31:27.491?[0;39m ?[32m INFO?[0;39m ?[35m13442?[0;39m ?[2m---?[0;39m ?[2m[    Test worker]?[0;39m ?[36mc.j.b.s.web.IndexControllerTest         ?[0;39m ?[2m:?[0;39m Starting IndexControllerTest on JUNHYUNGui-MacBookPro.local with PID 13442 (started by junhyungcho in /Users/junhyungcho/Desktop/coding/freelec-springboot2-webservice)
?[2m2023-01-15 14:31:27.492?[0;39m ?[32m INFO?[0;39m ?[35m13442?[0;39m ?[2m---?[0;39m ?[2m[    Test worker]?[0;39m ?[36mc.j.b.s.web.IndexControllerTest         ?[0;39m ?[2m:?[0;39m No active profile set, falling back to default profiles: default
?[2m2023-01-15 14:31:28.213?[0;39m ?[32m INFO?[0;39m ?[35m13442?[0;39m ?[2m---?[0;39m ?[2m[    Test worker]?[0;39m ?[36m.s.d.r.c.RepositoryConfigurationDelegate?[0;39m ?[2m:?[0;39m Bootstrapping Spring Data repositories in DEFAULT mode.
?[2m2023-01-15 14:31:28.289?[0;39m ?[32m INFO?[0;39m ?[35m13442?[0;39m ?[2m---?[0;39m ?[2m[    Test worker]?[0;39m ?[36m.s.d.r.c.RepositoryConfigurationDelegate?[0;39m ?[2m:?[0;39m Finished Spring Data repository scanning in 65ms. Found 1 repository interfaces.
?[2m2023-01-15 14:31:28.693?[0;39m ?[32m INFO?[0;39m ?[35m13442?[0;39m ?[2m---?[0;39m ?[2m[    Test worker]?[0;39m ?[36mtrationDelegate$BeanPostProcessorChecker?[0;39m ?[2m:?[0;39m Bean 'org.springframework.transaction.annotation.ProxyTransactionManagementConfiguration' of type [org.springframework.transaction.annotation.ProxyTransactionManagementConfiguration$$EnhancerBySpringCGLIB$$888770fe] is not eligible for getting processed by all BeanPostProcessors (for example: not eligible for auto-proxying)
?[2m2023-01-15 14:31:29.163?[0;39m ?[32m INFO?[0;39m ?[35m13442?[0;39m ?[2m---?[0;39m ?[2m[    Test worker]?[0;39m ?[36mo.s.b.w.embedded.tomcat.TomcatWebServer ?[0;39m ?[2m:?[0;39m Tomcat initialized with port(s): 0 (http)
?[2m2023-01-15 14:31:29.192?[0;39m ?[32m INFO?[0;39m ?[35m13442?[0;39m ?[2m---?[0;39m ?[2m[    Test worker]?[0;39m ?[36mo.apache.catalina.core.StandardService  ?[0;39m ?[2m:?[0;39m Starting service [Tomcat]
?[2m2023-01-15 14:31:29.192?[0;39m ?[32m INFO?[0;39m ?[35m13442?[0;39m ?[2m---?[0;39m ?[2m[    Test worker]?[0;39m ?[36morg.apache.catalina.core.StandardEngine ?[0;39m ?[2m:?[0;39m Starting Servlet engine: [Apache Tomcat/9.0.22]
?[2m2023-01-15 14:31:29.313?[0;39m ?[32m INFO?[0;39m ?[35m13442?[0;39m ?[2m---?[0;39m ?[2m[    Test worker]?[0;39m ?[36mo.a.c.c.C.[Tomcat].[localhost].[/]      ?[0;39m ?[2m:?[0;39m Initializing Spring embedded WebApplicationContext
?[2m2023-01-15 14:31:29.313?[0;39m ?[32m INFO?[0;39m ?[35m13442?[0;39m ?[2m---?[0;39m ?[2m[    Test worker]?[0;39m ?[36mo.s.web.context.ContextLoader           ?[0;39m ?[2m:?[0;39m Root WebApplicationContext: initialization completed in 1777 ms
?[2m2023-01-15 14:31:29.582?[0;39m ?[32m INFO?[0;39m ?[35m13442?[0;39m ?[2m---?[0;39m ?[2m[    Test worker]?[0;39m ?[36mcom.zaxxer.hikari.HikariDataSource      ?[0;39m ?[2m:?[0;39m HikariPool-1 - Starting...
?[2m2023-01-15 14:31:29.781?[0;39m ?[32m INFO?[0;39m ?[35m13442?[0;39m ?[2m---?[0;39m ?[2m[    Test worker]?[0;39m ?[36mcom.zaxxer.hikari.HikariDataSource      ?[0;39m ?[2m:?[0;39m HikariPool-1 - Start completed.
?[2m2023-01-15 14:31:29.882?[0;39m ?[32m INFO?[0;39m ?[35m13442?[0;39m ?[2m---?[0;39m ?[2m[    Test worker]?[0;39m ?[36mo.hibernate.jpa.internal.util.LogHelper ?[0;39m ?[2m:?[0;39m HHH000204: Processing PersistenceUnitInfo [
	name: default
	...]
?[2m2023-01-15 14:31:29.953?[0;39m ?[32m INFO?[0;39m ?[35m13442?[0;39m ?[2m---?[0;39m ?[2m[    Test worker]?[0;39m ?[36morg.hibernate.Version                   ?[0;39m ?[2m:?[0;39m HHH000412: Hibernate Core {5.3.10.Final}
?[2m2023-01-15 14:31:29.956?[0;39m ?[32m INFO?[0;39m ?[35m13442?[0;39m ?[2m---?[0;39m ?[2m[    Test worker]?[0;39m ?[36morg.hibernate.cfg.Environment           ?[0;39m ?[2m:?[0;39m HHH000206: hibernate.properties not found
?[2m2023-01-15 14:31:30.121?[0;39m ?[32m INFO?[0;39m ?[35m13442?[0;39m ?[2m---?[0;39m ?[2m[    Test worker]?[0;39m ?[36mo.hibernate.annotations.common.Version  ?[0;39m ?[2m:?[0;39m HCANN000001: Hibernate Commons Annotations {5.0.4.Final}
?[2m2023-01-15 14:31:30.294?[0;39m ?[32m INFO?[0;39m ?[35m13442?[0;39m ?[2m---?[0;39m ?[2m[    Test worker]?[0;39m ?[36morg.hibernate.dialect.Dialect           ?[0;39m ?[2m:?[0;39m HHH000400: Using dialect: org.hibernate.dialect.MySQL5InnoDBDialect
Hibernate: drop table if exists posts
Hibernate: create table posts (id bigint not null auto_increment, created_date datetime, modified_date datetime, author varchar(255), content TEXT not null, title varchar(500) not null, primary key (id)) engine=InnoDB
?[2m2023-01-15 14:31:31.013?[0;39m ?[32m INFO?[0;39m ?[35m13442?[0;39m ?[2m---?[0;39m ?[2m[    Test worker]?[0;39m ?[36mo.h.t.schema.internal.SchemaCreatorImpl ?[0;39m ?[2m:?[0;39m HHH000476: Executing import script 'org.hibernate.tool.schema.internal.exec.ScriptSourceInputNonExistentImpl@ac7f5a'
?[2m2023-01-15 14:31:31.016?[0;39m ?[32m INFO?[0;39m ?[35m13442?[0;39m ?[2m---?[0;39m ?[2m[    Test worker]?[0;39m ?[36mj.LocalContainerEntityManagerFactoryBean?[0;39m ?[2m:?[0;39m Initialized JPA EntityManagerFactory for persistence unit 'default'
?[2m2023-01-15 14:31:31.777?[0;39m ?[32m INFO?[0;39m ?[35m13442?[0;39m ?[2m---?[0;39m ?[2m[    Test worker]?[0;39m ?[36mo.s.s.concurrent.ThreadPoolTaskExecutor ?[0;39m ?[2m:?[0;39m Initializing ExecutorService 'applicationTaskExecutor'
?[2m2023-01-15 14:31:31.847?[0;39m ?[33m WARN?[0;39m ?[35m13442?[0;39m ?[2m---?[0;39m ?[2m[    Test worker]?[0;39m ?[36maWebConfiguration$JpaWebMvcConfiguration?[0;39m ?[2m:?[0;39m spring.jpa.open-in-view is enabled by default. Therefore, database queries may be performed during view rendering. Explicitly configure spring.jpa.open-in-view to disable this warning
?[2m2023-01-15 14:31:31.899?[0;39m ?[32m INFO?[0;39m ?[35m13442?[0;39m ?[2m---?[0;39m ?[2m[    Test worker]?[0;39m ?[36mo.s.b.a.w.s.WelcomePageHandlerMapping   ?[0;39m ?[2m:?[0;39m Adding welcome page template: index
?[2m2023-01-15 14:31:32.423?[0;39m ?[32m INFO?[0;39m ?[35m13442?[0;39m ?[2m---?[0;39m ?[2m[    Test worker]?[0;39m ?[36mo.s.b.w.embedded.tomcat.TomcatWebServer ?[0;39m ?[2m:?[0;39m Tomcat started on port(s): 52330 (http) with context path ''
?[2m2023-01-15 14:31:32.426?[0;39m ?[32m INFO?[0;39m ?[35m13442?[0;39m ?[2m---?[0;39m ?[2m[    Test worker]?[0;39m ?[36mc.j.b.s.web.IndexControllerTest         ?[0;39m ?[2m:?[0;39m Started IndexControllerTest in 5.318 seconds (JVM running for 6.389)
?[2m2023-01-15 14:31:32.593?[0;39m ?[32m INFO?[0;39m ?[35m13442?[0;39m ?[2m---?[0;39m ?[2m[o-auto-1-exec-1]?[0;39m ?[36mo.a.c.c.C.[Tomcat].[localhost].[/]      ?[0;39m ?[2m:?[0;39m Initializing Spring DispatcherServlet 'dispatcherServlet'
?[2m2023-01-15 14:31:32.593?[0;39m ?[32m INFO?[0;39m ?[35m13442?[0;39m ?[2m---?[0;39m ?[2m[o-auto-1-exec-1]?[0;39m ?[36mo.s.web.servlet.DispatcherServlet       ?[0;39m ?[2m:?[0;39m Initializing Servlet 'dispatcherServlet'
?[2m2023-01-15 14:31:32.615?[0;39m ?[32m INFO?[0;39m ?[35m13442?[0;39m ?[2m---?[0;39m ?[2m[o-auto-1-exec-1]?[0;39m ?[36mo.s.web.servlet.DispatcherServlet       ?[0;39m ?[2m:?[0;39m Completed initialization in 22 ms
]]></system-out>
  <system-err><![CDATA[]]></system-err>
</testsuite>
