<?xml version="1.0" encoding="UTF-8"?>
<testsuite name="com.jojoldu.book.springboot.web.HelloControllerTest" tests="2" skipped="0" failures="0" errors="0" timestamp="2023-01-20T05:34:22" hostname="JUNHYUNGui-MacBookPro.local" time="0.339">
  <properties/>
  <testcase name="hello가_리턴된다" classname="com.jojoldu.book.springboot.web.HelloControllerTest" time="0.12"/>
  <testcase name="helloDto가_리턴된다" classname="com.jojoldu.book.springboot.web.HelloControllerTest" time="0.218"/>
  <system-out><![CDATA[2023-01-20 14:34:19.837  INFO 58107 --- [    Test worker] .b.t.a.w.s.WebMvcTestContextBootstrapper : Neither @ContextConfiguration nor @ContextHierarchy found for test class [com.jojoldu.book.springboot.web.HelloControllerTest], using SpringBootContextLoader
2023-01-20 14:34:19.839  INFO 58107 --- [    Test worker] o.s.t.c.support.AbstractContextLoader    : Could not detect default resource locations for test class [com.jojoldu.book.springboot.web.HelloControllerTest]: no resource found for suffixes {-context.xml, Context.groovy}.
2023-01-20 14:34:19.839  INFO 58107 --- [    Test worker] t.c.s.AnnotationConfigContextLoaderUtils : Could not detect default configuration classes for test class [com.jojoldu.book.springboot.web.HelloControllerTest]: HelloControllerTest does not declare any static, non-private, non-final, nested classes annotated with @Configuration.
2023-01-20 14:34:19.895  INFO 58107 --- [    Test worker] .b.t.c.SpringBootTestContextBootstrapper : Found @SpringBootConfiguration com.jojoldu.book.springboot.Application for test class com.jojoldu.book.springboot.web.HelloControllerTest
2023-01-20 14:34:19.896  INFO 58107 --- [    Test worker] .b.t.a.w.s.WebMvcTestContextBootstrapper : Loaded default TestExecutionListener class names from location [META-INF/spring.factories]: [org.springframework.security.test.context.support.WithSecurityContextTestExecutionListener, org.springframework.security.test.context.support.ReactorContextTestExecutionListener, org.springframework.boot.test.autoconfigure.restdocs.RestDocsTestExecutionListener, org.springframework.boot.test.autoconfigure.web.client.MockRestServiceServerResetTestExecutionListener, org.springframework.boot.test.autoconfigure.web.servlet.MockMvcPrintOnlyOnFailureTestExecutionListener, org.springframework.boot.test.autoconfigure.web.servlet.WebDriverTestExecutionListener, org.springframework.boot.test.mock.mockito.MockitoTestExecutionListener, org.springframework.boot.test.mock.mockito.ResetMocksTestExecutionListener, org.springframework.test.context.web.ServletTestExecutionListener, org.springframework.test.context.support.DirtiesContextBeforeModesTestExecutionListener, org.springframework.test.context.support.DependencyInjectionTestExecutionListener, org.springframework.test.context.support.DirtiesContextTestExecutionListener, org.springframework.test.context.transaction.TransactionalTestExecutionListener, org.springframework.test.context.jdbc.SqlScriptsTestExecutionListener]
2023-01-20 14:34:19.898  INFO 58107 --- [    Test worker] .b.t.a.w.s.WebMvcTestContextBootstrapper : Using TestExecutionListeners: [org.springframework.test.context.web.ServletTestExecutionListener@d1b2373, org.springframework.test.context.support.DirtiesContextBeforeModesTestExecutionListener@3682f6e7, org.springframework.boot.test.mock.mockito.MockitoTestExecutionListener@4f56182f, org.springframework.boot.test.autoconfigure.SpringBootDependencyInjectionTestExecutionListener@7ca85062, org.springframework.test.context.support.DirtiesContextTestExecutionListener@28fce43f, org.springframework.test.context.transaction.TransactionalTestExecutionListener@9e81a09, org.springframework.test.context.jdbc.SqlScriptsTestExecutionListener@7600ec7b, org.springframework.security.test.context.support.WithSecurityContextTestExecutionListener@48158999, org.springframework.security.test.context.support.ReactorContextTestExecutionListener@70741b8, org.springframework.boot.test.autoconfigure.restdocs.RestDocsTestExecutionListener@4e763b03, org.springframework.boot.test.autoconfigure.web.client.MockRestServiceServerResetTestExecutionListener@3f647582, org.springframework.boot.test.autoconfigure.web.servlet.MockMvcPrintOnlyOnFailureTestExecutionListener@5bd97ab6, org.springframework.boot.test.autoconfigure.web.servlet.WebDriverTestExecutionListener@666efaf4, org.springframework.boot.test.mock.mockito.ResetMocksTestExecutionListener@19bf6b19]

  .   ____          _            __ _ _
 /\\ / ___'_ __ _ _(_)_ __  __ _ \ \ \ \
( ( )\___ | '_ | '_| | '_ \/ _` | \ \ \ \
 \\/  ___)| |_)| | | | | || (_| |  ) ) ) )
  '  |____| .__|_| |_|_| |_\__, | / / / /
 =========|_|==============|___/=/_/_/_/
 :: Spring Boot ::        (v2.1.9.RELEASE)

2023-01-20 14:34:20.004  INFO 58107 --- [    Test worker] c.j.b.s.web.HelloControllerTest          : Starting HelloControllerTest on JUNHYUNGui-MacBookPro.local with PID 58107 (started by junhyungcho in /Users/junhyungcho/Desktop/coding/freelec-springboot2-webservice)
2023-01-20 14:34:20.007  INFO 58107 --- [    Test worker] c.j.b.s.web.HelloControllerTest          : No active profile set, falling back to default profiles: default
2023-01-20 14:34:21.593  INFO 58107 --- [    Test worker] o.s.s.concurrent.ThreadPoolTaskExecutor  : Initializing ExecutorService 'applicationTaskExecutor'
2023-01-20 14:34:21.666  INFO 58107 --- [    Test worker] o.s.b.a.w.s.WelcomePageHandlerMapping    : Adding welcome page template: index
2023-01-20 14:34:22.086  INFO 58107 --- [    Test worker] .s.s.UserDetailsServiceAutoConfiguration : 

Using generated security password: f5ef598c-a1dd-4e21-924a-c496cb597bcc

2023-01-20 14:34:22.252  INFO 58107 --- [    Test worker] o.s.s.web.DefaultSecurityFilterChain     : Creating filter chain: any request, [org.springframework.security.web.context.request.async.WebAsyncManagerIntegrationFilter@20142511, org.springframework.security.web.context.SecurityContextPersistenceFilter@6b15985b, org.springframework.security.web.header.HeaderWriterFilter@28687a0, org.springframework.security.web.csrf.CsrfFilter@157b8cfb, org.springframework.security.web.authentication.logout.LogoutFilter@485fc3ff, org.springframework.security.web.authentication.UsernamePasswordAuthenticationFilter@735a7ea6, org.springframework.security.web.authentication.ui.DefaultLoginPageGeneratingFilter@504fb37f, org.springframework.security.web.authentication.ui.DefaultLogoutPageGeneratingFilter@566cb0f7, org.springframework.security.web.authentication.www.BasicAuthenticationFilter@783a2d95, org.springframework.security.web.savedrequest.RequestCacheAwareFilter@333e97e1, org.springframework.security.web.servletapi.SecurityContextHolderAwareRequestFilter@533ada1, org.springframework.security.web.authentication.AnonymousAuthenticationFilter@7f13792a, org.springframework.security.web.session.SessionManagementFilter@4bd3df5f, org.springframework.security.web.access.ExceptionTranslationFilter@29be39a9, org.springframework.security.web.access.intercept.FilterSecurityInterceptor@240527a3]
2023-01-20 14:34:22.282  INFO 58107 --- [    Test worker] o.s.b.t.m.w.SpringBootMockServletContext : Initializing Spring TestDispatcherServlet ''
2023-01-20 14:34:22.283  INFO 58107 --- [    Test worker] o.s.t.web.servlet.TestDispatcherServlet  : Initializing Servlet ''
2023-01-20 14:34:22.295  INFO 58107 --- [    Test worker] o.s.t.web.servlet.TestDispatcherServlet  : Completed initialization in 12 ms
2023-01-20 14:34:22.384  INFO 58107 --- [    Test worker] c.j.b.s.web.HelloControllerTest          : Started HelloControllerTest in 2.471 seconds (JVM running for 21.119)
]]></system-out>
  <system-err><![CDATA[]]></system-err>
</testsuite>
