<?xml version="1.0" encoding="UTF-8"?>
<testsuite name="com.jojoldu.book.springboot.domain.posts.PostsRepositoryTest" tests="2" skipped="0" failures="0" errors="0" timestamp="2023-01-22T06:10:33" hostname="JUNHYUNGui-MacBookPro.local" time="0.035">
  <properties/>
  <testcase name="게시글저장_불러오기" classname="com.jojoldu.book.springboot.domain.posts.PostsRepositoryTest" time="0.021"/>
  <testcase name="BaseTimeEntity_등록" classname="com.jojoldu.book.springboot.domain.posts.PostsRepositoryTest" time="0.013"/>
  <system-out><![CDATA[2023-01-22 15:10:31.648  INFO 60959 --- [    Test worker] .b.t.c.SpringBootTestContextBootstrapper : Neither @ContextConfiguration nor @ContextHierarchy found for test class [com.jojoldu.book.springboot.domain.posts.PostsRepositoryTest], using SpringBootContextLoader
2023-01-22 15:10:31.649  INFO 60959 --- [    Test worker] o.s.t.c.support.AbstractContextLoader    : Could not detect default resource locations for test class [com.jojoldu.book.springboot.domain.posts.PostsRepositoryTest]: no resource found for suffixes {-context.xml, Context.groovy}.
2023-01-22 15:10:31.649  INFO 60959 --- [    Test worker] t.c.s.AnnotationConfigContextLoaderUtils : Could not detect default configuration classes for test class [com.jojoldu.book.springboot.domain.posts.PostsRepositoryTest]: PostsRepositoryTest does not declare any static, non-private, non-final, nested classes annotated with @Configuration.
2023-01-22 15:10:31.657  INFO 60959 --- [    Test worker] .b.t.c.SpringBootTestContextBootstrapper : Found @SpringBootConfiguration com.jojoldu.book.springboot.Application for test class com.jojoldu.book.springboot.domain.posts.PostsRepositoryTest
2023-01-22 15:10:31.658  INFO 60959 --- [    Test worker] .b.t.c.SpringBootTestContextBootstrapper : Loaded default TestExecutionListener class names from location [META-INF/spring.factories]: [org.springframework.security.test.context.support.WithSecurityContextTestExecutionListener, org.springframework.security.test.context.support.ReactorContextTestExecutionListener, org.springframework.boot.test.autoconfigure.restdocs.RestDocsTestExecutionListener, org.springframework.boot.test.autoconfigure.web.client.MockRestServiceServerResetTestExecutionListener, org.springframework.boot.test.autoconfigure.web.servlet.MockMvcPrintOnlyOnFailureTestExecutionListener, org.springframework.boot.test.autoconfigure.web.servlet.WebDriverTestExecutionListener, org.springframework.boot.test.mock.mockito.MockitoTestExecutionListener, org.springframework.boot.test.mock.mockito.ResetMocksTestExecutionListener, org.springframework.test.context.web.ServletTestExecutionListener, org.springframework.test.context.support.DirtiesContextBeforeModesTestExecutionListener, org.springframework.test.context.support.DependencyInjectionTestExecutionListener, org.springframework.test.context.support.DirtiesContextTestExecutionListener, org.springframework.test.context.transaction.TransactionalTestExecutionListener, org.springframework.test.context.jdbc.SqlScriptsTestExecutionListener]
2023-01-22 15:10:31.660  INFO 60959 --- [    Test worker] .b.t.c.SpringBootTestContextBootstrapper : Using TestExecutionListeners: [org.springframework.test.context.web.ServletTestExecutionListener@138991b, org.springframework.test.context.support.DirtiesContextBeforeModesTestExecutionListener@376bbedf, org.springframework.boot.test.mock.mockito.MockitoTestExecutionListener@1bff7508, org.springframework.boot.test.autoconfigure.SpringBootDependencyInjectionTestExecutionListener@7aa5ba6a, org.springframework.test.context.support.DirtiesContextTestExecutionListener@3f900464, org.springframework.test.context.transaction.TransactionalTestExecutionListener@55e7c80f, org.springframework.test.context.jdbc.SqlScriptsTestExecutionListener@3550a08e, org.springframework.security.test.context.support.WithSecurityContextTestExecutionListener@62712aa4, org.springframework.security.test.context.support.ReactorContextTestExecutionListener@5dfda1aa, org.springframework.boot.test.autoconfigure.restdocs.RestDocsTestExecutionListener@3631adaa, org.springframework.boot.test.autoconfigure.web.client.MockRestServiceServerResetTestExecutionListener@6553f32, org.springframework.boot.test.autoconfigure.web.servlet.MockMvcPrintOnlyOnFailureTestExecutionListener@6d1a0156, org.springframework.boot.test.autoconfigure.web.servlet.WebDriverTestExecutionListener@5dda1dae, org.springframework.boot.test.mock.mockito.ResetMocksTestExecutionListener@66bda742]

  .   ____          _            __ _ _
 /\\ / ___'_ __ _ _(_)_ __  __ _ \ \ \ \
( ( )\___ | '_ | '_| | '_ \/ _` | \ \ \ \
 \\/  ___)| |_)| | | | | || (_| |  ) ) ) )
  '  |____| .__|_| |_|_| |_\__, | / / / /
 =========|_|==============|___/=/_/_/_/
 :: Spring Boot ::        (v2.1.9.RELEASE)

2023-01-22 15:10:31.683  INFO 60959 --- [    Test worker] c.j.b.s.d.posts.PostsRepositoryTest      : Starting PostsRepositoryTest on JUNHYUNGui-MacBookPro.local with PID 60959 (started by junhyungcho in /Users/junhyungcho/Desktop/coding/freelec-springboot2-webservice)
2023-01-22 15:10:31.683  INFO 60959 --- [    Test worker] c.j.b.s.d.posts.PostsRepositoryTest      : No active profile set, falling back to default profiles: default
2023-01-22 15:10:31.850  INFO 60959 --- [    Test worker] .s.d.r.c.RepositoryConfigurationDelegate : Bootstrapping Spring Data repositories in DEFAULT mode.
2023-01-22 15:10:31.866  INFO 60959 --- [    Test worker] .s.d.r.c.RepositoryConfigurationDelegate : Finished Spring Data repository scanning in 15ms. Found 2 repository interfaces.
2023-01-22 15:10:31.964  INFO 60959 --- [    Test worker] trationDelegate$BeanPostProcessorChecker : Bean 'org.springframework.transaction.annotation.ProxyTransactionManagementConfiguration' of type [org.springframework.transaction.annotation.ProxyTransactionManagementConfiguration$$EnhancerBySpringCGLIB$$b9705865] is not eligible for getting processed by all BeanPostProcessors (for example: not eligible for auto-proxying)
2023-01-22 15:10:32.058  INFO 60959 --- [    Test worker] com.zaxxer.hikari.HikariDataSource       : HikariPool-2 - Starting...
2023-01-22 15:10:32.059  INFO 60959 --- [    Test worker] com.zaxxer.hikari.HikariDataSource       : HikariPool-2 - Start completed.
2023-01-22 15:10:32.080  INFO 60959 --- [    Test worker] o.hibernate.jpa.internal.util.LogHelper  : HHH000204: Processing PersistenceUnitInfo [
	name: default
	...]
2023-01-22 15:10:32.086  INFO 60959 --- [    Test worker] org.hibernate.dialect.Dialect            : HHH000400: Using dialect: org.hibernate.dialect.MySQL5InnoDBDialect
Hibernate: drop table if exists posts
Hibernate: drop table if exists user
Hibernate: create table posts (id bigint not null auto_increment, create_date datetime, modified_date datetime, author varchar(255), content TEXT not null, title varchar(500) not null, primary key (id)) engine=InnoDB
Hibernate: create table user (id bigint not null auto_increment, create_date datetime, modified_date datetime, email varchar(255) not null, name varchar(255) not null, picture varchar(255), role varchar(255) not null, primary key (id)) engine=InnoDB
2023-01-22 15:10:32.136  INFO 60959 --- [    Test worker] o.h.t.schema.internal.SchemaCreatorImpl  : HHH000476: Executing import script 'org.hibernate.tool.schema.internal.exec.ScriptSourceInputNonExistentImpl@5156c8dd'
2023-01-22 15:10:32.137  INFO 60959 --- [    Test worker] j.LocalContainerEntityManagerFactoryBean : Initialized JPA EntityManagerFactory for persistence unit 'default'
2023-01-22 15:10:32.311  INFO 60959 --- [    Test worker] o.h.h.i.QueryTranslatorFactoryInitiator  : HHH000397: Using ASTQueryTranslatorFactory
2023-01-22 15:10:32.447  INFO 60959 --- [    Test worker] o.s.s.web.DefaultSecurityFilterChain     : Creating filter chain: any request, [org.springframework.security.web.context.request.async.WebAsyncManagerIntegrationFilter@54edf513, org.springframework.security.web.context.SecurityContextPersistenceFilter@773c6f42, org.springframework.security.web.header.HeaderWriterFilter@4e9b7190, org.springframework.security.web.authentication.logout.LogoutFilter@57fd0010, org.springframework.security.oauth2.client.web.OAuth2AuthorizationRequestRedirectFilter@571dc863, org.springframework.security.oauth2.client.web.OAuth2LoginAuthenticationFilter@49fcb1d5, org.springframework.security.web.authentication.ui.DefaultLoginPageGeneratingFilter@43af2158, org.springframework.security.web.authentication.ui.DefaultLogoutPageGeneratingFilter@1551e718, org.springframework.security.web.savedrequest.RequestCacheAwareFilter@6272b011, org.springframework.security.web.servletapi.SecurityContextHolderAwareRequestFilter@77704a3e, org.springframework.security.web.authentication.AnonymousAuthenticationFilter@2c366b01, org.springframework.security.web.session.SessionManagementFilter@6d9b2e16, org.springframework.security.web.access.ExceptionTranslationFilter@420aea2e, org.springframework.security.web.access.intercept.FilterSecurityInterceptor@52126de3]
2023-01-22 15:10:32.698  INFO 60959 --- [    Test worker] o.s.s.concurrent.ThreadPoolTaskExecutor  : Initializing ExecutorService 'applicationTaskExecutor'
2023-01-22 15:10:32.710  WARN 60959 --- [    Test worker] aWebConfiguration$JpaWebMvcConfiguration : spring.jpa.open-in-view is enabled by default. Therefore, database queries may be performed during view rendering. Explicitly configure spring.jpa.open-in-view to disable this warning
2023-01-22 15:10:32.734  INFO 60959 --- [    Test worker] o.s.b.a.w.s.WelcomePageHandlerMapping    : Adding welcome page template: index
2023-01-22 15:10:33.037  INFO 60959 --- [    Test worker] s.a.ScheduledAnnotationBeanPostProcessor : No TaskScheduler/ScheduledExecutorService bean found for scheduled processing
2023-01-22 15:10:33.039  INFO 60959 --- [    Test worker] c.j.b.s.d.posts.PostsRepositoryTest      : Started PostsRepositoryTest in 1.376 seconds (JVM running for 10.673)
Hibernate: insert into posts (create_date, modified_date, author, content, title) values (?, ?, ?, ?, ?)
Hibernate: select posts0_.id as id1_0_, posts0_.create_date as create_d2_0_, posts0_.modified_date as modified3_0_, posts0_.author as author4_0_, posts0_.content as content5_0_, posts0_.title as title6_0_ from posts posts0_
Hibernate: select posts0_.id as id1_0_, posts0_.create_date as create_d2_0_, posts0_.modified_date as modified3_0_, posts0_.author as author4_0_, posts0_.content as content5_0_, posts0_.title as title6_0_ from posts posts0_
Hibernate: delete from posts where id=?
Hibernate: insert into posts (create_date, modified_date, author, content, title) values (?, ?, ?, ?, ?)
Hibernate: select posts0_.id as id1_0_, posts0_.create_date as create_d2_0_, posts0_.modified_date as modified3_0_, posts0_.author as author4_0_, posts0_.content as content5_0_, posts0_.title as title6_0_ from posts posts0_
>>>>>>>>> createDate=2023-01-22T15:10:33.067, modifiedDate=2023-01-22T15:10:33.067
Hibernate: select posts0_.id as id1_0_, posts0_.create_date as create_d2_0_, posts0_.modified_date as modified3_0_, posts0_.author as author4_0_, posts0_.content as content5_0_, posts0_.title as title6_0_ from posts posts0_
Hibernate: delete from posts where id=?
]]></system-out>
  <system-err><![CDATA[]]></system-err>
</testsuite>
